<?xml version="1.0" encoding="UTF-8"?>
<testsuite xmlns:xsi="http://www.w3.org/2001/XMLSchema-instance" xsi:noNamespaceSchemaLocation="https://maven.apache.org/surefire/maven-surefire-plugin/xsd/surefire-test-report-3.0.xsd" version="3.0" name="com.uamishop.ventas.domain.CarritoTest$AddItemTests" time="0.021" tests="7" errors="0" skipped="0" failures="0">
  <properties>
[...]
</properties>
  <testcase name="shouldFailToAddNullProduct" classname="com.uamishop.ventas.domain.CarritoTest$AddItemTests" time="0.003"/>
  <testcase name="shouldAddMultipleDifferentProducts" classname="com.uamishop.ventas.domain.CarritoTest$AddItemTests" time="0.006"/>
  <testcase name="shouldFailToAddItemWithZeroQuantity" classname="com.uamishop.ventas.domain.CarritoTest$AddItemTests" time="0.001"/>
  <testcase name="shouldEmitItemAgregadoEvent" classname="com.uamishop.ventas.domain.CarritoTest$AddItemTests" time="0.001"/>
  <testcase name="shouldFailToAddItemWithNegativeQuantity" classname="com.uamishop.ventas.domain.CarritoTest$AddItemTests" time="0.001"/>
  <testcase name="shouldAddItemToEmptyCart" classname="com.uamishop.ventas.domain.CarritoTest$AddItemTests" time="0.001"/>
  <testcase name="shouldIncreaseQuantityWhenAddingExistingProduct" classname="com.uamishop.ventas.domain.CarritoTest$AddItemTests" time="0.001"/>
</testsuite>